<?xml version="1.0" encoding="UTF-8" ?>
<testsuite failures="0" time="0.279" errors="0" skipped="0" tests="3" name="com.evertonvm.sample.challenge.service.ExpenseServiceTest">
  <properties>
[...]
</properties>
  <testcase time="0.029" classname="com.evertonvm.sample.challenge.service.ExpenseServiceTest" name="it_should_calculate_manager_allocation_cost_as_2100"/>
  <testcase time="0.006" classname="com.evertonvm.sample.challenge.service.ExpenseServiceTest" name="it_should_calculate_department_allocation_cost_as_2100"/>
  <testcase time="0.001" classname="com.evertonvm.sample.challenge.service.ExpenseServiceTest" name="it_should_calculate_department_allocation_cost_as_6200"/>
</testsuite>